-------------------------------------------------------------------------------
Test set: ec.edu.ups.modelo.AdministradorTest
-------------------------------------------------------------------------------
Tests run: 11, Failures: 11, Errors: 0, Skipped: 0, Time elapsed: 0.075 sec <<< FAILURE!
ec.edu.ups.modelo.AdministradorTest.testGetContabilidad()  Time elapsed: 0.011 sec  <<< FAILURE!
org.opentest4j.AssertionFailedError: The test case is a prototype.
	at org.junit.jupiter.api.AssertionUtils.fail(AssertionUtils.java:39)
	at org.junit.jupiter.api.Assertions.fail(Assertions.java:109)
	at ec.edu.ups.modelo.AdministradorTest.testGetContabilidad(AdministradorTest.java:108)

ec.edu.ups.modelo.AdministradorTest.testSetContabilidad()  Time elapsed: 0 sec  <<< FAILURE!
org.opentest4j.AssertionFailedError: The test case is a prototype.
	at org.junit.jupiter.api.AssertionUtils.fail(AssertionUtils.java:39)
	at org.junit.jupiter.api.Assertions.fail(Assertions.java:109)
	at ec.edu.ups.modelo.AdministradorTest.testSetContabilidad(AdministradorTest.java:121)

ec.edu.ups.modelo.AdministradorTest.testGetListarInsumos()  Time elapsed: 0 sec  <<< FAILURE!
org.opentest4j.AssertionFailedError: The test case is a prototype.
	at org.junit.jupiter.api.AssertionUtils.fail(AssertionUtils.java:39)
	at org.junit.jupiter.api.Assertions.fail(Assertions.java:109)
	at ec.edu.ups.modelo.AdministradorTest.testGetListarInsumos(AdministradorTest.java:135)

ec.edu.ups.modelo.AdministradorTest.testSetListarContabilidad()  Time elapsed: 0 sec  <<< FAILURE!
org.opentest4j.AssertionFailedError: The test case is a prototype.
	at org.junit.jupiter.api.AssertionUtils.fail(AssertionUtils.java:39)
	at org.junit.jupiter.api.Assertions.fail(Assertions.java:109)
	at ec.edu.ups.modelo.AdministradorTest.testSetListarContabilidad(AdministradorTest.java:175)

ec.edu.ups.modelo.AdministradorTest.testGetListarContabilidad()  Time elapsed: 0.001 sec  <<< FAILURE!
org.opentest4j.AssertionFailedError: The test case is a prototype.
	at org.junit.jupiter.api.AssertionUtils.fail(AssertionUtils.java:39)
	at org.junit.jupiter.api.Assertions.fail(Assertions.java:109)
	at ec.edu.ups.modelo.AdministradorTest.testGetListarContabilidad(AdministradorTest.java:162)

ec.edu.ups.modelo.AdministradorTest.testSetListarInsumos()  Time elapsed: 0.001 sec  <<< FAILURE!
org.opentest4j.AssertionFailedError: The test case is a prototype.
	at org.junit.jupiter.api.AssertionUtils.fail(AssertionUtils.java:39)
	at org.junit.jupiter.api.Assertions.fail(Assertions.java:109)
	at ec.edu.ups.modelo.AdministradorTest.testSetListarInsumos(AdministradorTest.java:148)

ec.edu.ups.modelo.AdministradorTest.testGetInsumos()  Time elapsed: 0.001 sec  <<< FAILURE!
org.opentest4j.AssertionFailedError: The test case is a prototype.
	at org.junit.jupiter.api.AssertionUtils.fail(AssertionUtils.java:39)
	at org.junit.jupiter.api.Assertions.fail(Assertions.java:109)
	at ec.edu.ups.modelo.AdministradorTest.testGetInsumos(AdministradorTest.java:81)

ec.edu.ups.modelo.AdministradorTest.testSetContrasena()  Time elapsed: 0.001 sec  <<< FAILURE!
org.opentest4j.AssertionFailedError: The test case is a prototype.
	at org.junit.jupiter.api.AssertionUtils.fail(AssertionUtils.java:39)
	at org.junit.jupiter.api.Assertions.fail(Assertions.java:109)
	at ec.edu.ups.modelo.AdministradorTest.testSetContrasena(AdministradorTest.java:67)

ec.edu.ups.modelo.AdministradorTest.testGetContrasena()  Time elapsed: 0.054 sec  <<< FAILURE!
org.opentest4j.AssertionFailedError: expected: <> but was: <null>
	at org.junit.jupiter.api.AssertionUtils.fail(AssertionUtils.java:55)
	at org.junit.jupiter.api.AssertionUtils.failNotEqual(AssertionUtils.java:62)
	at org.junit.jupiter.api.AssertEquals.assertEquals(AssertEquals.java:182)
	at org.junit.jupiter.api.AssertEquals.assertEquals(AssertEquals.java:177)
	at org.junit.jupiter.api.Assertions.assertEquals(Assertions.java:1124)
	at ec.edu.ups.modelo.AdministradorTest.testGetContrasena(AdministradorTest.java:52)

ec.edu.ups.modelo.AdministradorTest.testCalcularEdad()  Time elapsed: 0.001 sec  <<< FAILURE!
org.opentest4j.AssertionFailedError: The test case is a prototype.
	at org.junit.jupiter.api.AssertionUtils.fail(AssertionUtils.java:39)
	at org.junit.jupiter.api.Assertions.fail(Assertions.java:109)
	at ec.edu.ups.modelo.AdministradorTest.testCalcularEdad(AdministradorTest.java:189)

ec.edu.ups.modelo.AdministradorTest.testSetInsumos()  Time elapsed: 0.001 sec  <<< FAILURE!
org.opentest4j.AssertionFailedError: The test case is a prototype.
	at org.junit.jupiter.api.AssertionUtils.fail(AssertionUtils.java:39)
	at org.junit.jupiter.api.Assertions.fail(Assertions.java:109)
	at ec.edu.ups.modelo.AdministradorTest.testSetInsumos(AdministradorTest.java:94)

