<?xml version="1.0" encoding="UTF-8" ?>
<testsuite tests="11" failures="11" name="ec.edu.ups.modelo.FacturaDetalleTest" time="0.014" errors="0" skipped="0">
  <properties>
[...]
</properties>
  <testcase classname="ec.edu.ups.modelo.FacturaDetalleTest" name="ec.edu.ups.modelo.FacturaDetalleTest.testGetCosto" time="0.008">
    <failure message="The test case is a prototype." type="org.opentest4j.AssertionFailedError">org.opentest4j.AssertionFailedError: The test case is a prototype.
	at org.junit.jupiter.api.AssertionUtils.fail(AssertionUtils.java:39)
	at org.junit.jupiter.api.Assertions.fail(Assertions.java:109)
	at ec.edu.ups.modelo.FacturaDetalleTest.testGetCosto(FacturaDetalleTest.java:78)
</failure>
    <system-out>getCosto
</system-out>
  </testcase>
  <testcase classname="ec.edu.ups.modelo.FacturaDetalleTest" name="ec.edu.ups.modelo.FacturaDetalleTest.testSetTotal" time="0">
    <failure message="The test case is a prototype." type="org.opentest4j.AssertionFailedError">org.opentest4j.AssertionFailedError: The test case is a prototype.
	at org.junit.jupiter.api.AssertionUtils.fail(AssertionUtils.java:39)
	at org.junit.jupiter.api.Assertions.fail(Assertions.java:109)
	at ec.edu.ups.modelo.FacturaDetalleTest.testSetTotal(FacturaDetalleTest.java:172)
</failure>
    <system-out>setTotal
</system-out>
  </testcase>
  <testcase classname="ec.edu.ups.modelo.FacturaDetalleTest" name="ec.edu.ups.modelo.FacturaDetalleTest.testSetIva" time="0">
    <failure message="The test case is a prototype." type="org.opentest4j.AssertionFailedError">org.opentest4j.AssertionFailedError: The test case is a prototype.
	at org.junit.jupiter.api.AssertionUtils.fail(AssertionUtils.java:39)
	at org.junit.jupiter.api.Assertions.fail(Assertions.java:109)
	at ec.edu.ups.modelo.FacturaDetalleTest.testSetIva(FacturaDetalleTest.java:118)
</failure>
    <system-out>setIva
</system-out>
  </testcase>
  <testcase classname="ec.edu.ups.modelo.FacturaDetalleTest" name="ec.edu.ups.modelo.FacturaDetalleTest.testSetCodigoFacD" time="0.001">
    <failure message="The test case is a prototype." type="org.opentest4j.AssertionFailedError">org.opentest4j.AssertionFailedError: The test case is a prototype.
	at org.junit.jupiter.api.AssertionUtils.fail(AssertionUtils.java:39)
	at org.junit.jupiter.api.Assertions.fail(Assertions.java:109)
	at ec.edu.ups.modelo.FacturaDetalleTest.testSetCodigoFacD(FacturaDetalleTest.java:64)
</failure>
    <system-out>setCodigoFacD
</system-out>
  </testcase>
  <testcase classname="ec.edu.ups.modelo.FacturaDetalleTest" name="ec.edu.ups.modelo.FacturaDetalleTest.testGetTotal" time="0">
    <failure message="The test case is a prototype." type="org.opentest4j.AssertionFailedError">org.opentest4j.AssertionFailedError: The test case is a prototype.
	at org.junit.jupiter.api.AssertionUtils.fail(AssertionUtils.java:39)
	at org.junit.jupiter.api.Assertions.fail(Assertions.java:109)
	at ec.edu.ups.modelo.FacturaDetalleTest.testGetTotal(FacturaDetalleTest.java:159)
</failure>
    <system-out>getTotal
</system-out>
  </testcase>
  <testcase classname="ec.edu.ups.modelo.FacturaDetalleTest" name="ec.edu.ups.modelo.FacturaDetalleTest.testSetCosto" time="0">
    <failure message="The test case is a prototype." type="org.opentest4j.AssertionFailedError">org.opentest4j.AssertionFailedError: The test case is a prototype.
	at org.junit.jupiter.api.AssertionUtils.fail(AssertionUtils.java:39)
	at org.junit.jupiter.api.Assertions.fail(Assertions.java:109)
	at ec.edu.ups.modelo.FacturaDetalleTest.testSetCosto(FacturaDetalleTest.java:91)
</failure>
    <system-out>setCosto
</system-out>
  </testcase>
  <testcase classname="ec.edu.ups.modelo.FacturaDetalleTest" name="ec.edu.ups.modelo.FacturaDetalleTest.testGetIva" time="0.001">
    <failure message="The test case is a prototype." type="org.opentest4j.AssertionFailedError">org.opentest4j.AssertionFailedError: The test case is a prototype.
	at org.junit.jupiter.api.AssertionUtils.fail(AssertionUtils.java:39)
	at org.junit.jupiter.api.Assertions.fail(Assertions.java:109)
	at ec.edu.ups.modelo.FacturaDetalleTest.testGetIva(FacturaDetalleTest.java:105)
</failure>
    <system-out>getIva
</system-out>
  </testcase>
  <testcase classname="ec.edu.ups.modelo.FacturaDetalleTest" name="ec.edu.ups.modelo.FacturaDetalleTest.testSetSubtotal" time="0.001">
    <failure message="The test case is a prototype." type="org.opentest4j.AssertionFailedError">org.opentest4j.AssertionFailedError: The test case is a prototype.
	at org.junit.jupiter.api.AssertionUtils.fail(AssertionUtils.java:39)
	at org.junit.jupiter.api.Assertions.fail(Assertions.java:109)
	at ec.edu.ups.modelo.FacturaDetalleTest.testSetSubtotal(FacturaDetalleTest.java:145)
</failure>
    <system-out>setSubtotal
</system-out>
  </testcase>
  <testcase classname="ec.edu.ups.modelo.FacturaDetalleTest" name="ec.edu.ups.modelo.FacturaDetalleTest.testGetSubtotal" time="0.001">
    <failure message="The test case is a prototype." type="org.opentest4j.AssertionFailedError">org.opentest4j.AssertionFailedError: The test case is a prototype.
	at org.junit.jupiter.api.AssertionUtils.fail(AssertionUtils.java:39)
	at org.junit.jupiter.api.Assertions.fail(Assertions.java:109)
	at ec.edu.ups.modelo.FacturaDetalleTest.testGetSubtotal(FacturaDetalleTest.java:132)
</failure>
    <system-out>getSubtotal
</system-out>
  </testcase>
  <testcase classname="ec.edu.ups.modelo.FacturaDetalleTest" name="ec.edu.ups.modelo.FacturaDetalleTest.testCalcularTotal" time="0.001">
    <failure message="The test case is a prototype." type="org.opentest4j.AssertionFailedError">org.opentest4j.AssertionFailedError: The test case is a prototype.
	at org.junit.jupiter.api.AssertionUtils.fail(AssertionUtils.java:39)
	at org.junit.jupiter.api.Assertions.fail(Assertions.java:109)
	at ec.edu.ups.modelo.FacturaDetalleTest.testCalcularTotal(FacturaDetalleTest.java:184)
</failure>
    <system-out>calcularTotal
</system-out>
  </testcase>
  <testcase classname="ec.edu.ups.modelo.FacturaDetalleTest" name="ec.edu.ups.modelo.FacturaDetalleTest.testGetCodigoFacD" time="0.001">
    <failure message="The test case is a prototype." type="org.opentest4j.AssertionFailedError">org.opentest4j.AssertionFailedError: The test case is a prototype.
	at org.junit.jupiter.api.AssertionUtils.fail(AssertionUtils.java:39)
	at org.junit.jupiter.api.Assertions.fail(Assertions.java:109)
	at ec.edu.ups.modelo.FacturaDetalleTest.testGetCodigoFacD(FacturaDetalleTest.java:51)
</failure>
    <system-out>getCodigoFacD
</system-out>
  </testcase>
</testsuite>