<?xml version="1.0" encoding="UTF-8" ?>
<testsuite tests="11" failures="11" name="ec.edu.ups.modelo.AdministradorTest" time="0.071" errors="0" skipped="0">
  <properties>
[...]
</properties>
  <testcase classname="ec.edu.ups.modelo.AdministradorTest" name="ec.edu.ups.modelo.AdministradorTest.testGetContabilidad" time="0.011">
    <failure message="The test case is a prototype." type="org.opentest4j.AssertionFailedError">org.opentest4j.AssertionFailedError: The test case is a prototype.
	at org.junit.jupiter.api.AssertionUtils.fail(AssertionUtils.java:39)
	at org.junit.jupiter.api.Assertions.fail(Assertions.java:109)
	at ec.edu.ups.modelo.AdministradorTest.testGetContabilidad(AdministradorTest.java:108)
</failure>
    <system-out>getContabilidad
</system-out>
  </testcase>
  <testcase classname="ec.edu.ups.modelo.AdministradorTest" name="ec.edu.ups.modelo.AdministradorTest.testSetContabilidad" time="0">
    <failure message="The test case is a prototype." type="org.opentest4j.AssertionFailedError">org.opentest4j.AssertionFailedError: The test case is a prototype.
	at org.junit.jupiter.api.AssertionUtils.fail(AssertionUtils.java:39)
	at org.junit.jupiter.api.Assertions.fail(Assertions.java:109)
	at ec.edu.ups.modelo.AdministradorTest.testSetContabilidad(AdministradorTest.java:121)
</failure>
    <system-out>setContabilidad
</system-out>
  </testcase>
  <testcase classname="ec.edu.ups.modelo.AdministradorTest" name="ec.edu.ups.modelo.AdministradorTest.testGetListarInsumos" time="0">
    <failure message="The test case is a prototype." type="org.opentest4j.AssertionFailedError">org.opentest4j.AssertionFailedError: The test case is a prototype.
	at org.junit.jupiter.api.AssertionUtils.fail(AssertionUtils.java:39)
	at org.junit.jupiter.api.Assertions.fail(Assertions.java:109)
	at ec.edu.ups.modelo.AdministradorTest.testGetListarInsumos(AdministradorTest.java:135)
</failure>
    <system-out>getListarInsumos
</system-out>
  </testcase>
  <testcase classname="ec.edu.ups.modelo.AdministradorTest" name="ec.edu.ups.modelo.AdministradorTest.testSetListarContabilidad" time="0">
    <failure message="The test case is a prototype." type="org.opentest4j.AssertionFailedError">org.opentest4j.AssertionFailedError: The test case is a prototype.
	at org.junit.jupiter.api.AssertionUtils.fail(AssertionUtils.java:39)
	at org.junit.jupiter.api.Assertions.fail(Assertions.java:109)
	at ec.edu.ups.modelo.AdministradorTest.testSetListarContabilidad(AdministradorTest.java:175)
</failure>
    <system-out>setListarContabilidad
</system-out>
  </testcase>
  <testcase classname="ec.edu.ups.modelo.AdministradorTest" name="ec.edu.ups.modelo.AdministradorTest.testGetListarContabilidad" time="0.001">
    <failure message="The test case is a prototype." type="org.opentest4j.AssertionFailedError">org.opentest4j.AssertionFailedError: The test case is a prototype.
	at org.junit.jupiter.api.AssertionUtils.fail(AssertionUtils.java:39)
	at org.junit.jupiter.api.Assertions.fail(Assertions.java:109)
	at ec.edu.ups.modelo.AdministradorTest.testGetListarContabilidad(AdministradorTest.java:162)
</failure>
    <system-out>getListarContabilidad
</system-out>
  </testcase>
  <testcase classname="ec.edu.ups.modelo.AdministradorTest" name="ec.edu.ups.modelo.AdministradorTest.testSetListarInsumos" time="0.001">
    <failure message="The test case is a prototype." type="org.opentest4j.AssertionFailedError">org.opentest4j.AssertionFailedError: The test case is a prototype.
	at org.junit.jupiter.api.AssertionUtils.fail(AssertionUtils.java:39)
	at org.junit.jupiter.api.Assertions.fail(Assertions.java:109)
	at ec.edu.ups.modelo.AdministradorTest.testSetListarInsumos(AdministradorTest.java:148)
</failure>
    <system-out>setListarInsumos
</system-out>
  </testcase>
  <testcase classname="ec.edu.ups.modelo.AdministradorTest" name="ec.edu.ups.modelo.AdministradorTest.testGetInsumos" time="0.001">
    <failure message="The test case is a prototype." type="org.opentest4j.AssertionFailedError">org.opentest4j.AssertionFailedError: The test case is a prototype.
	at org.junit.jupiter.api.AssertionUtils.fail(AssertionUtils.java:39)
	at org.junit.jupiter.api.Assertions.fail(Assertions.java:109)
	at ec.edu.ups.modelo.AdministradorTest.testGetInsumos(AdministradorTest.java:81)
</failure>
    <system-out>getInsumos
</system-out>
  </testcase>
  <testcase classname="ec.edu.ups.modelo.AdministradorTest" name="ec.edu.ups.modelo.AdministradorTest.testSetContrasena" time="0.001">
    <failure message="The test case is a prototype." type="org.opentest4j.AssertionFailedError">org.opentest4j.AssertionFailedError: The test case is a prototype.
	at org.junit.jupiter.api.AssertionUtils.fail(AssertionUtils.java:39)
	at org.junit.jupiter.api.Assertions.fail(Assertions.java:109)
	at ec.edu.ups.modelo.AdministradorTest.testSetContrasena(AdministradorTest.java:67)
</failure>
    <system-out>setContrasena
</system-out>
  </testcase>
  <testcase classname="ec.edu.ups.modelo.AdministradorTest" name="ec.edu.ups.modelo.AdministradorTest.testGetContrasena" time="0.054">
    <failure message="expected: &lt;&gt; but was: &lt;null&gt;" type="org.opentest4j.AssertionFailedError">org.opentest4j.AssertionFailedError: expected: &lt;&gt; but was: &lt;null&gt;
	at org.junit.jupiter.api.AssertionUtils.fail(AssertionUtils.java:55)
	at org.junit.jupiter.api.AssertionUtils.failNotEqual(AssertionUtils.java:62)
	at org.junit.jupiter.api.AssertEquals.assertEquals(AssertEquals.java:182)
	at org.junit.jupiter.api.AssertEquals.assertEquals(AssertEquals.java:177)
	at org.junit.jupiter.api.Assertions.assertEquals(Assertions.java:1124)
	at ec.edu.ups.modelo.AdministradorTest.testGetContrasena(AdministradorTest.java:52)
</failure>
    <system-out>getContrasena
</system-out>
  </testcase>
  <testcase classname="ec.edu.ups.modelo.AdministradorTest" name="ec.edu.ups.modelo.AdministradorTest.testCalcularEdad" time="0.001">
    <failure message="The test case is a prototype." type="org.opentest4j.AssertionFailedError">org.opentest4j.AssertionFailedError: The test case is a prototype.
	at org.junit.jupiter.api.AssertionUtils.fail(AssertionUtils.java:39)
	at org.junit.jupiter.api.Assertions.fail(Assertions.java:109)
	at ec.edu.ups.modelo.AdministradorTest.testCalcularEdad(AdministradorTest.java:189)
</failure>
    <system-out>calcularEdad
</system-out>
  </testcase>
  <testcase classname="ec.edu.ups.modelo.AdministradorTest" name="ec.edu.ups.modelo.AdministradorTest.testSetInsumos" time="0.001">
    <failure message="The test case is a prototype." type="org.opentest4j.AssertionFailedError">org.opentest4j.AssertionFailedError: The test case is a prototype.
	at org.junit.jupiter.api.AssertionUtils.fail(AssertionUtils.java:39)
	at org.junit.jupiter.api.Assertions.fail(Assertions.java:109)
	at ec.edu.ups.modelo.AdministradorTest.testSetInsumos(AdministradorTest.java:94)
</failure>
    <system-out>setInsumos
</system-out>
  </testcase>
</testsuite>