<?xml version="1.0" encoding="UTF-8" ?>
<testsuite tests="11" failures="11" name="ec.edu.ups.modelo.FacturaDetalleTest" time="0.014" errors="0" skipped="0">
  <properties>
    <property name="java.runtime.name" value="Java(TM) SE Runtime Environment"/>
    <property name="java.vm.version" value="14.0.1+7"/>
    <property name="sun.boot.library.path" value="C:\Program Files\Java\jdk-14.0.1\bin"/>
    <property name="maven.multiModuleProjectDirectory" value="C:\Users\hp\Documents\NetBeansProjects\TrabajoCitasMedicas"/>
    <property name="java.vm.vendor" value="Oracle Corporation"/>
    <property name="java.vendor.url" value="https://java.oracle.com/"/>
    <property name="guice.disable.misplaced.annotation.check" value="true"/>
    <property name="path.separator" value=";"/>
    <property name="java.vm.name" value="Java HotSpot(TM) 64-Bit Server VM"/>
    <property name="sun.os.patch.level" value=""/>
    <property name="user.script" value=""/>
    <property name="user.country" value="MX"/>
    <property name="sun.java.launcher" value="SUN_STANDARD"/>
    <property name="test" value="ec.edu.ups.modelo.FacturaDetalleTest"/>
    <property name="java.vm.specification.name" value="Java Virtual Machine Specification"/>
    <property name="user.dir" value="C:\Users\hp\Documents\NetBeansProjects\TrabajoCitasMedicas"/>
    <property name="java.vm.compressedOopsMode" value="Zero based"/>
    <property name="java.runtime.version" value="14.0.1+7"/>
    <property name="os.arch" value="amd64"/>
    <property name="java.io.tmpdir" value="C:\Users\hp\AppData\Local\Temp\"/>
    <property name="line.separator" value="
"/>
    <property name="java.vm.specification.vendor" value="Oracle Corporation"/>
    <property name="user.variant" value=""/>
    <property name="os.name" value="Windows 10"/>
    <property name="maven.ext.class.path" value="C:\Program Files\NetBeans-12.0\netbeans\java\maven-nblib\netbeans-eventspy.jar"/>
    <property name="classworlds.conf" value="C:\Program Files\NetBeans-12.0\netbeans\java\maven\bin\..\bin\m2.conf"/>
    <property name="sun.jnu.encoding" value="Cp1252"/>
    <property name="java.library.path" value="C:\Program Files\Java\jdk-14.0.1\bin;C:\WINDOWS\Sun\Java\bin;C:\WINDOWS\system32;C:\WINDOWS;C:\Program Files (x86)\Common Files\Oracle\Java\javapath;C:\ProgramData\Oracle\Java\javapath;C:\oraclexe\app\oracle\product\11.2.0\server\bin;C:\Program Files (x86)\Intel\Intel(R) Management Engine Components\iCLS\;C:\Program Files\Intel\Intel(R) Management Engine Components\iCLS\;C:\windows\system32;C:\windows;C:\windows\System32\Wbem;C:\windows\System32\WindowsPowerShell\v1.0\;C:\Program Files (x86)\Intel\Intel(R) Management Engine Components\DAL;C:\Program Files\Intel\Intel(R) Management Engine Components\DAL;C:\Program Files (x86)\Intel\Intel(R) Management Engine Components\IPT;C:\Program Files\Intel\Intel(R) Management Engine Components\IPT;C:\Program Files (x86)\NVIDIA Corporation\PhysX\Common;C:\PostgreSQL\pg11\bin;C:\WINDOWS\system32;C:\WINDOWS;C:\WINDOWS\System32\Wbem;C:\WINDOWS\System32\WindowsPowerShell\v1.0\;C:\WINDOWS\System32\OpenSSH\;C:\Program Files\PuTTY\;C:\Program Files\Java\jre1.8.0_231\bin;C:\Program Files (x86)\Cracklock\Bin;C:\Users\hp\AppData\Local\Microsoft\WindowsApps;;C:\Users\hp\AppData\Local\Programs\Microsoft VS Code\bin;."/>
    <property name="maven.conf" value="C:\Program Files\NetBeans-12.0\netbeans\java\maven\bin\../conf"/>
    <property name="jdk.debug" value="release"/>
    <property name="java.class.version" value="58.0"/>
    <property name="java.specification.name" value="Java Platform API Specification"/>
    <property name="sun.management.compiler" value="HotSpot 64-Bit Tiered Compilers"/>
    <property name="os.version" value="10.0"/>
    <property name="library.jansi.path" value="C:\Program Files\NetBeans-12.0\netbeans\java\maven\bin\..\lib\jansi-native"/>
    <property name="user.home" value="C:\Users\hp"/>
    <property name="user.timezone" value="America/Bogota"/>
    <property name="file.encoding" value="UTF-8"/>
    <property name="java.specification.version" value="14"/>
    <property name="user.name" value="hp"/>
    <property name="java.class.path" value="C:\Program Files\NetBeans-12.0\netbeans\java\maven\bin\..\boot\plexus-classworlds-2.6.0.jar"/>
    <property name="java.vm.specification.version" value="14"/>
    <property name="sun.arch.data.model" value="64"/>
    <property name="sun.java.command" value="org.codehaus.plexus.classworlds.launcher.Launcher -Dtest=ec.edu.ups.modelo.FacturaDetalleTest -Dmaven.ext.class.path=C:\Program Files\NetBeans-12.0\netbeans\java\maven-nblib\netbeans-eventspy.jar -Dfile.encoding=UTF-8 test-compile surefire:test"/>
    <property name="java.home" value="C:\Program Files\Java\jdk-14.0.1"/>
    <property name="user.language" value="es"/>
    <property name="java.specification.vendor" value="Oracle Corporation"/>
    <property name="java.vm.info" value="mixed mode, sharing"/>
    <property name="java.version" value="14.0.1"/>
    <property name="java.vendor" value="Oracle Corporation"/>
    <property name="maven.home" value="C:\Program Files\NetBeans-12.0\netbeans\java\maven\bin\.."/>
    <property name="file.separator" value="\"/>
    <property name="java.version.date" value="2020-04-14"/>
    <property name="java.vendor.url.bug" value="https://bugreport.java.com/bugreport/"/>
    <property name="sun.io.unicode.encoding" value="UnicodeLittle"/>
    <property name="sun.cpu.endian" value="little"/>
    <property name="sun.cpu.isalist" value="amd64"/>
  </properties>
  <testcase classname="ec.edu.ups.modelo.FacturaDetalleTest" name="ec.edu.ups.modelo.FacturaDetalleTest.testGetCosto" time="0.008">
    <failure message="The test case is a prototype." type="org.opentest4j.AssertionFailedError">org.opentest4j.AssertionFailedError: The test case is a prototype.
	at org.junit.jupiter.api.AssertionUtils.fail(AssertionUtils.java:39)
	at org.junit.jupiter.api.Assertions.fail(Assertions.java:109)
	at ec.edu.ups.modelo.FacturaDetalleTest.testGetCosto(FacturaDetalleTest.java:78)
</failure>
    <system-out>getCosto
</system-out>
  </testcase>
  <testcase classname="ec.edu.ups.modelo.FacturaDetalleTest" name="ec.edu.ups.modelo.FacturaDetalleTest.testSetTotal" time="0">
    <failure message="The test case is a prototype." type="org.opentest4j.AssertionFailedError">org.opentest4j.AssertionFailedError: The test case is a prototype.
	at org.junit.jupiter.api.AssertionUtils.fail(AssertionUtils.java:39)
	at org.junit.jupiter.api.Assertions.fail(Assertions.java:109)
	at ec.edu.ups.modelo.FacturaDetalleTest.testSetTotal(FacturaDetalleTest.java:172)
</failure>
    <system-out>setTotal
</system-out>
  </testcase>
  <testcase classname="ec.edu.ups.modelo.FacturaDetalleTest" name="ec.edu.ups.modelo.FacturaDetalleTest.testSetIva" time="0">
    <failure message="The test case is a prototype." type="org.opentest4j.AssertionFailedError">org.opentest4j.AssertionFailedError: The test case is a prototype.
	at org.junit.jupiter.api.AssertionUtils.fail(AssertionUtils.java:39)
	at org.junit.jupiter.api.Assertions.fail(Assertions.java:109)
	at ec.edu.ups.modelo.FacturaDetalleTest.testSetIva(FacturaDetalleTest.java:118)
</failure>
    <system-out>setIva
</system-out>
  </testcase>
  <testcase classname="ec.edu.ups.modelo.FacturaDetalleTest" name="ec.edu.ups.modelo.FacturaDetalleTest.testSetCodigoFacD" time="0.001">
    <failure message="The test case is a prototype." type="org.opentest4j.AssertionFailedError">org.opentest4j.AssertionFailedError: The test case is a prototype.
	at org.junit.jupiter.api.AssertionUtils.fail(AssertionUtils.java:39)
	at org.junit.jupiter.api.Assertions.fail(Assertions.java:109)
	at ec.edu.ups.modelo.FacturaDetalleTest.testSetCodigoFacD(FacturaDetalleTest.java:64)
</failure>
    <system-out>setCodigoFacD
</system-out>
  </testcase>
  <testcase classname="ec.edu.ups.modelo.FacturaDetalleTest" name="ec.edu.ups.modelo.FacturaDetalleTest.testGetTotal" time="0">
    <failure message="The test case is a prototype." type="org.opentest4j.AssertionFailedError">org.opentest4j.AssertionFailedError: The test case is a prototype.
	at org.junit.jupiter.api.AssertionUtils.fail(AssertionUtils.java:39)
	at org.junit.jupiter.api.Assertions.fail(Assertions.java:109)
	at ec.edu.ups.modelo.FacturaDetalleTest.testGetTotal(FacturaDetalleTest.java:159)
</failure>
    <system-out>getTotal
</system-out>
  </testcase>
  <testcase classname="ec.edu.ups.modelo.FacturaDetalleTest" name="ec.edu.ups.modelo.FacturaDetalleTest.testSetCosto" time="0">
    <failure message="The test case is a prototype." type="org.opentest4j.AssertionFailedError">org.opentest4j.AssertionFailedError: The test case is a prototype.
	at org.junit.jupiter.api.AssertionUtils.fail(AssertionUtils.java:39)
	at org.junit.jupiter.api.Assertions.fail(Assertions.java:109)
	at ec.edu.ups.modelo.FacturaDetalleTest.testSetCosto(FacturaDetalleTest.java:91)
</failure>
    <system-out>setCosto
</system-out>
  </testcase>
  <testcase classname="ec.edu.ups.modelo.FacturaDetalleTest" name="ec.edu.ups.modelo.FacturaDetalleTest.testGetIva" time="0.001">
    <failure message="The test case is a prototype." type="org.opentest4j.AssertionFailedError">org.opentest4j.AssertionFailedError: The test case is a prototype.
	at org.junit.jupiter.api.AssertionUtils.fail(AssertionUtils.java:39)
	at org.junit.jupiter.api.Assertions.fail(Assertions.java:109)
	at ec.edu.ups.modelo.FacturaDetalleTest.testGetIva(FacturaDetalleTest.java:105)
</failure>
    <system-out>getIva
</system-out>
  </testcase>
  <testcase classname="ec.edu.ups.modelo.FacturaDetalleTest" name="ec.edu.ups.modelo.FacturaDetalleTest.testSetSubtotal" time="0.001">
    <failure message="The test case is a prototype." type="org.opentest4j.AssertionFailedError">org.opentest4j.AssertionFailedError: The test case is a prototype.
	at org.junit.jupiter.api.AssertionUtils.fail(AssertionUtils.java:39)
	at org.junit.jupiter.api.Assertions.fail(Assertions.java:109)
	at ec.edu.ups.modelo.FacturaDetalleTest.testSetSubtotal(FacturaDetalleTest.java:145)
</failure>
    <system-out>setSubtotal
</system-out>
  </testcase>
  <testcase classname="ec.edu.ups.modelo.FacturaDetalleTest" name="ec.edu.ups.modelo.FacturaDetalleTest.testGetSubtotal" time="0.001">
    <failure message="The test case is a prototype." type="org.opentest4j.AssertionFailedError">org.opentest4j.AssertionFailedError: The test case is a prototype.
	at org.junit.jupiter.api.AssertionUtils.fail(AssertionUtils.java:39)
	at org.junit.jupiter.api.Assertions.fail(Assertions.java:109)
	at ec.edu.ups.modelo.FacturaDetalleTest.testGetSubtotal(FacturaDetalleTest.java:132)
</failure>
    <system-out>getSubtotal
</system-out>
  </testcase>
  <testcase classname="ec.edu.ups.modelo.FacturaDetalleTest" name="ec.edu.ups.modelo.FacturaDetalleTest.testCalcularTotal" time="0.001">
    <failure message="The test case is a prototype." type="org.opentest4j.AssertionFailedError">org.opentest4j.AssertionFailedError: The test case is a prototype.
	at org.junit.jupiter.api.AssertionUtils.fail(AssertionUtils.java:39)
	at org.junit.jupiter.api.Assertions.fail(Assertions.java:109)
	at ec.edu.ups.modelo.FacturaDetalleTest.testCalcularTotal(FacturaDetalleTest.java:184)
</failure>
    <system-out>calcularTotal
</system-out>
  </testcase>
  <testcase classname="ec.edu.ups.modelo.FacturaDetalleTest" name="ec.edu.ups.modelo.FacturaDetalleTest.testGetCodigoFacD" time="0.001">
    <failure message="The test case is a prototype." type="org.opentest4j.AssertionFailedError">org.opentest4j.AssertionFailedError: The test case is a prototype.
	at org.junit.jupiter.api.AssertionUtils.fail(AssertionUtils.java:39)
	at org.junit.jupiter.api.Assertions.fail(Assertions.java:109)
	at ec.edu.ups.modelo.FacturaDetalleTest.testGetCodigoFacD(FacturaDetalleTest.java:51)
</failure>
    <system-out>getCodigoFacD
</system-out>
  </testcase>
</testsuite>